[ 2018-08-31T14:33:44+08:00 ] ::1 /my_gather_thinkphp/index.php/Application/Static/js/jquery-3.3.1.min.js.html
INFO: [ app_init ] --START--
INFO: Run Behavior\BuildLiteBehavior [ RunTime:0.000011s ]
INFO: [ app_init ] --END-- [ RunTime:0.000304s ]
ERR: 无法加载模块:Application

[ 2018-08-31T14:39:56+08:00 ] ::1 /my_gather_thinkphp/index.php/Application/Static/js/jquery-3.3.1.min.js.html
INFO: [ app_init ] --START--
INFO: Run Behavior\BuildLiteBehavior [ RunTime:0.000013s ]
INFO: [ app_init ] --END-- [ RunTime:0.000380s ]
ERR: 无法加载模块:Application

[ 2018-08-31T14:40:02+08:00 ] ::1 /my_gather_thinkphp/index.php/Application/Static/js/jquery-3.3.1.min.js.html
INFO: [ app_init ] --START--
INFO: Run Behavior\BuildLiteBehavior [ RunTime:0.000014s ]
INFO: [ app_init ] --END-- [ RunTime:0.000386s ]
ERR: 无法加载模块:Application

[ 2018-08-31T14:40:04+08:00 ] ::1 /my_gather_thinkphp/index.php/Application/Static/js/jquery-3.3.1.min.js.html
INFO: [ app_init ] --START--
INFO: Run Behavior\BuildLiteBehavior [ RunTime:0.000015s ]
INFO: [ app_init ] --END-- [ RunTime:0.000413s ]
ERR: 无法加载模块:Application

[ 2018-08-31T14:40:19+08:00 ] ::1 /my_gather_thinkphp/index.php/Application/Static/js/jquery-3.3.1.min.js.html
INFO: [ app_init ] --START--
INFO: Run Behavior\BuildLiteBehavior [ RunTime:0.000014s ]
INFO: [ app_init ] --END-- [ RunTime:0.000449s ]
ERR: 无法加载模块:Application

[ 2018-08-31T14:40:20+08:00 ] ::1 /my_gather_thinkphp/index.php/Application/Static/js/jquery-3.3.1.min.js.html
INFO: [ app_init ] --START--
INFO: Run Behavior\BuildLiteBehavior [ RunTime:0.000020s ]
INFO: [ app_init ] --END-- [ RunTime:0.000466s ]
ERR: 无法加载模块:Application

[ 2018-08-31T14:40:20+08:00 ] ::1 /my_gather_thinkphp/index.php/Application/Static/js/jquery-3.3.1.min.js.html
INFO: [ app_init ] --START--
INFO: Run Behavior\BuildLiteBehavior [ RunTime:0.000050s ]
INFO: [ app_init ] --END-- [ RunTime:0.000467s ]
ERR: 无法加载模块:Application

[ 2018-08-31T14:40:20+08:00 ] ::1 /my_gather_thinkphp/index.php/Application/Static/js/jquery-3.3.1.min.js.html
INFO: [ app_init ] --START--
INFO: Run Behavior\BuildLiteBehavior [ RunTime:0.000017s ]
INFO: [ app_init ] --END-- [ RunTime:0.000307s ]
ERR: 无法加载模块:Application

[ 2018-08-31T14:40:20+08:00 ] ::1 /my_gather_thinkphp/index.php/Application/Static/js/jquery-3.3.1.min.js.html
INFO: [ app_init ] --START--
INFO: Run Behavior\BuildLiteBehavior [ RunTime:0.000015s ]
INFO: [ app_init ] --END-- [ RunTime:0.000434s ]
ERR: 无法加载模块:Application

[ 2018-08-31T14:40:21+08:00 ] ::1 /my_gather_thinkphp/index.php/Application/Static/js/jquery-3.3.1.min.js.html
INFO: [ app_init ] --START--
INFO: Run Behavior\BuildLiteBehavior [ RunTime:0.000011s ]
INFO: [ app_init ] --END-- [ RunTime:0.000285s ]
ERR: 无法加载模块:Application

[ 2018-08-31T14:40:29+08:00 ] ::1 /my_gather_thinkphp/index.php/Application/Static/js/jquery-3.3.1.min.js.html
INFO: [ app_init ] --START--
INFO: Run Behavior\BuildLiteBehavior [ RunTime:0.000012s ]
INFO: [ app_init ] --END-- [ RunTime:0.000306s ]
ERR: 无法加载模块:Application

[ 2018-08-31T14:40:32+08:00 ] ::1 /my_gather_thinkphp/index.php/Application/Static/js/jquery-3.3.1.min.js.html
INFO: [ app_init ] --START--
INFO: Run Behavior\BuildLiteBehavior [ RunTime:0.000016s ]
INFO: [ app_init ] --END-- [ RunTime:0.000394s ]
ERR: 无法加载模块:Application

[ 2018-08-31T14:40:32+08:00 ] ::1 /my_gather_thinkphp/index.php/Application/Static/js/jquery-3.3.1.min.js.html
INFO: [ app_init ] --START--
INFO: Run Behavior\BuildLiteBehavior [ RunTime:0.000014s ]
INFO: [ app_init ] --END-- [ RunTime:0.000379s ]
ERR: 无法加载模块:Application

[ 2018-08-31T14:40:33+08:00 ] ::1 /my_gather_thinkphp/index.php/Application/Static/js/jquery-3.3.1.min.js.html
INFO: [ app_init ] --START--
INFO: Run Behavior\BuildLiteBehavior [ RunTime:0.000015s ]
INFO: [ app_init ] --END-- [ RunTime:0.000557s ]
ERR: 无法加载模块:Application

[ 2018-08-31T14:40:33+08:00 ] ::1 /my_gather_thinkphp/index.php/Application/Static/js/jquery-3.3.1.min.js.html
INFO: [ app_init ] --START--
INFO: Run Behavior\BuildLiteBehavior [ RunTime:0.000015s ]
INFO: [ app_init ] --END-- [ RunTime:0.000365s ]
ERR: 无法加载模块:Application

[ 2018-08-31T14:40:45+08:00 ] ::1 /my_gather_thinkphp/index.php/Application/Static/js/jquery-3.3.1.min.js.html
INFO: [ app_init ] --START--
INFO: Run Behavior\BuildLiteBehavior [ RunTime:0.000012s ]
INFO: [ app_init ] --END-- [ RunTime:0.000344s ]
ERR: 无法加载模块:Application

[ 2018-08-31T14:40:47+08:00 ] ::1 /my_gather_thinkphp/index.php/Application/Static/js/jquery-3.3.1.min.js.html
INFO: [ app_init ] --START--
INFO: Run Behavior\BuildLiteBehavior [ RunTime:0.000014s ]
INFO: [ app_init ] --END-- [ RunTime:0.000349s ]
ERR: 无法加载模块:Application

